<?xml version="1.0" encoding="UTF-8"?>
<testng-results skipped="0" failed="0" total="0" passed="0">
  <reporter-output>
  </reporter-output>
  <suite name="Suite Xbox Test All Browser" duration-ms="0" started-at="2022-01-27T21:45:44Z" finished-at="2022-01-27T21:45:44Z">
    <groups>
    </groups>
  </suite> <!-- Suite Xbox Test All Browser -->
  <suite name="Search Test Suite" duration-ms="2" started-at="2022-01-27T21:45:44Z" finished-at="2022-01-27T21:45:44Z">
    <groups>
    </groups>
    <test name="translate test - GoogleChrome" duration-ms="2" started-at="2022-01-27T21:45:44Z" finished-at="2022-01-27T21:45:44Z">
    </test> <!-- translate test - GoogleChrome -->
  </suite> <!-- Search Test Suite -->
</testng-results>
